<?xml version="1.0" encoding="utf-8"?><testsuites name="pytest tests"><testsuite name="pytest" errors="0" failures="3" skipped="0" tests="40" time="8.208" timestamp="2026-06-27T18:58:40.695876+00:00" hostname="agent-env-c4580346-6ba4-4e9b-9ebd-6a140256413a"><testcase classname="tests.backend_test.TestAuth" name="test_login_sets_cookies" time="0.355" /><testcase classname="tests.backend_test.TestAuth" name="test_login_invalid" time="0.488" /><testcase classname="tests.backend_test.TestRBAC" name="test_clients_leadership_ok" time="0.847" /><testcase classname="tests.backend_test.TestAuth" name="test_me" time="0.554" /><testcase classname="tests.backend_test.TestRBAC" name="test_clients_manager_ok" time="0.597" /><testcase classname="tests.backend_test.TestAuth" name="test_me_unauth" time="0.095" /><testcase classname="tests.backend_test.TestAuth" name="test_all_seeded_logins[admin]" time="0.541" /><testcase classname="tests.backend_test.TestRBAC" name="test_clients_team_forbidden" time="0.588" /><testcase classname="tests.backend_test.TestAuth" name="test_all_seeded_logins[manager]" time="0.559" /><testcase classname="tests.backend_test.TestRBAC" name="test_clients_client_forbidden" time="0.559" /><testcase classname="tests.backend_test.TestRBAC" name="test_gantt_leadership" time="0.058" /><testcase classname="tests.backend_test.TestAuth" name="test_all_seeded_logins[team]" time="0.322" /><testcase classname="tests.backend_test.TestRBAC" name="test_gantt_manager" time="0.269" /><testcase classname="tests.backend_test.TestAuth" name="test_all_seeded_logins[client]" time="0.370" /><testcase classname="tests.backend_test.TestRBAC" name="test_gantt_team_forbidden" time="0.045" /><testcase classname="tests.backend_test.TestRBAC" name="test_gantt_client_forbidden" time="0.053" /><testcase classname="tests.backend_test.TestRBAC" name="test_projects_client_filtered" time="0.278"><failure message="AssertionError: assert 'Acme' in 'ACME'">backend/tests/backend_test.py:119: in test_projects_client_filtered
    assert "Acme" in p["name"]
E   AssertionError: assert 'Acme' in 'ACME'</failure></testcase><testcase classname="tests.backend_test.TestComments" name="test_comment_task_crud_admin" time="0.313" /><testcase classname="tests.backend_test.TestRBAC" name="test_leaves_client_empty" time="0.049" /><testcase classname="tests.backend_test.TestRBAC" name="test_tasks_client_forbidden" time="0.049" /><testcase classname="tests.backend_test.TestTimerAndEntries" name="test_timer_full_flow_auto_stop" time="2.377" /><testcase classname="tests.backend_test.TestComments" name="test_client_cannot_comment_task" time="0.773" /><testcase classname="tests.backend_test.TestComments" name="test_client_can_comment_own_project" time="0.142" /><testcase classname="tests.backend_test.TestComments" name="test_client_cannot_comment_other_project" time="0.091"><failure message="assert 200 == 403&#10; +  where 200 = &lt;Response [200]&gt;.status_code">backend/tests/backend_test.py:295: in test_client_cannot_comment_other_project
    assert r.status_code == 403
E   assert 200 == 403
E    +  where 200 = &lt;Response [200]&gt;.status_code</failure></testcase><testcase classname="tests.backend_test.TestCSVExport" name="test_export[projects]" time="0.049" /><testcase classname="tests.backend_test.TestCSVExport" name="test_export[tasks]" time="0.046" /><testcase classname="tests.backend_test.TestCSVExport" name="test_export[users]" time="0.049" /><testcase classname="tests.backend_test.TestCSVExport" name="test_export[events]" time="0.042" /><testcase classname="tests.backend_test.TestProjects" name="test_full_flow" time="0.346" /><testcase classname="tests.backend_test.TestProjects" name="test_team_cannot_create_project" time="0.404" /><testcase classname="tests.backend_test.TestProjects" name="test_public_project_acme" time="0.041"><failure message="AssertionError: Acme project must be seeded&#10;assert None">backend/tests/backend_test.py:174: in test_public_project_acme
    assert acme, "Acme project must be seeded"
E   AssertionError: Acme project must be seeded
E   assert None</failure></testcase><testcase classname="tests.backend_test.TestNotifications" name="test_task_status_change_notifies_assignee" time="0.701" /><testcase classname="tests.backend_test.TestTimerAndEntries" name="test_time_entry_create_list_filter_delete" time="0.474" /><testcase classname="tests.backend_test.TestTimerAndEntries" name="test_client_cannot_list_time_entries" time="0.088" /><testcase classname="tests.backend_test.TestNotifications" name="test_comment_mention_notifies" time="0.721" /><testcase classname="tests.backend_test.TestTimerAndEntries" name="test_client_cannot_start_timer" time="0.099" /><testcase classname="tests.backend_test.TestEventsLeaves" name="test_event_create_list" time="0.450" /><testcase classname="tests.backend_test.TestEventsLeaves" name="test_leave_create_list" time="0.292" /><testcase classname="tests.backend_test.TestNotifications" name="test_mark_all_read" time="0.093" /><testcase classname="tests.backend_test.TestTasks" name="test_full_flow" time="0.377" /></testsuite></testsuites>