<?xml version="1.0" encoding="utf-8"?><testsuites name="pytest tests"><testsuite name="pytest" errors="0" failures="0" skipped="0" tests="22" time="4.553" timestamp="2026-06-28T10:22:57.372480+00:00" hostname="agent-env-c4580346-6ba4-4e9b-9ebd-6a140256413a"><testcase classname="tests.test_phase3_features.TestDocuments" name="test_create_list_update_delete_marketing_doc" time="0.857" /><testcase classname="tests.test_phase3_features.TestDocuments" name="test_wiki_scope_isolation" time="0.204" /><testcase classname="tests.test_phase3_features.TestDocuments" name="test_bad_scope_rejected" time="0.038" /><testcase classname="tests.test_phase3_features.TestDocuments" name="test_client_cannot_access_documents" time="0.407" /><testcase classname="tests.test_phase3_features.TestMarketingTracker" name="test_create_move_through_columns" time="0.168" /><testcase classname="tests.test_phase3_features.TestMarketingTracker" name="test_team_can_use_tracker" time="0.403" /><testcase classname="tests.test_phase3_features.TestMarketingTracker" name="test_client_forbidden_tracker" time="0.085" /><testcase classname="tests.test_phase3_features.TestMaterials" name="test_full_flow_with_posted_toggle" time="0.246" /><testcase classname="tests.test_phase3_features.TestMaterials" name="test_client_forbidden_materials" time="0.041" /><testcase classname="tests.test_phase3_features.TestLeads" name="test_lead_full_flow" time="0.369" /><testcase classname="tests.test_phase3_features.TestLeads" name="test_team_forbidden_leads" time="0.123" /><testcase classname="tests.test_phase3_features.TestLeads" name="test_client_forbidden_leads" time="0.041" /><testcase classname="tests.test_phase3_features.TestPosts" name="test_three_post_types" time="0.451" /><testcase classname="tests.test_phase3_features.TestPosts" name="test_appreciation_with_target_user" time="0.127" /><testcase classname="tests.test_phase3_features.TestPosts" name="test_client_forbidden_posts" time="0.040" /><testcase classname="tests.test_phase3_features.TestActivities" name="test_activity_crud" time="0.130" /><testcase classname="tests.test_phase3_features.TestActivities" name="test_client_forbidden_activities" time="0.043" /><testcase classname="tests.test_phase3_features.TestJournal" name="test_journal_private_per_user" time="0.357" /><testcase classname="tests.test_phase3_features.TestJournal" name="test_client_forbidden_journal" time="0.080" /><testcase classname="tests.test_phase3_features.TestMe" name="test_lead_role" time="0.081" /><testcase classname="tests.test_phase3_features.TestMe" name="test_team_role" time="0.082" /><testcase classname="tests.test_phase3_features.TestMe" name="test_client_role" time="0.042" /></testsuite></testsuites>