<?xml version="1.0" encoding="utf-8"?><testsuites name="pytest tests"><testsuite name="pytest" errors="0" failures="0" skipped="0" tests="8" time="1.677" timestamp="2026-06-28T08:10:34.319243+00:00" hostname="agent-env-c4580346-6ba4-4e9b-9ebd-6a140256413a"><testcase classname="tests.test_signup_flow.TestSignupFlow" name="test_01_signup_allowed_when_db_empty" time="0.262" /><testcase classname="tests.test_signup_flow.TestSignupFlow" name="test_02_signup_creates_first_user_as_leadership" time="0.284" /><testcase classname="tests.test_signup_flow.TestSignupFlow" name="test_03_me_returns_first_user" time="0.043" /><testcase classname="tests.test_signup_flow.TestSignupFlow" name="test_04_signup_allowed_false_after_first_user" time="0.094" /><testcase classname="tests.test_signup_flow.TestSignupFlow" name="test_05_second_signup_returns_403" time="0.138" /><testcase classname="tests.test_signup_flow.TestSignupFlow" name="test_06_login_with_first_user" time="0.361" /><testcase classname="tests.test_signup_flow.TestSignupFlow" name="test_07_login_with_wrong_password_returns_401" time="0.316" /><testcase classname="tests.test_signup_flow.TestDbEmptyState" name="test_collections_empty_on_startup" time="0.005" /></testsuite></testsuites>