<?xml version="1.0" encoding="utf-8"?><testsuites name="pytest tests"><testsuite name="pytest" errors="0" failures="0" skipped="0" tests="40" time="8.258" timestamp="2026-06-27T16:34:21.289511+00:00" hostname="agent-env-c4580346-6ba4-4e9b-9ebd-6a140256413a"><testcase classname="tests.backend_test.TestAuth" name="test_login_sets_cookies" time="0.747" /><testcase classname="tests.backend_test.TestRBAC" name="test_clients_leadership_ok" time="0.788" /><testcase classname="tests.backend_test.TestAuth" name="test_login_invalid" time="0.350" /><testcase classname="tests.backend_test.TestRBAC" name="test_clients_manager_ok" time="0.795" /><testcase classname="tests.backend_test.TestAuth" name="test_me" time="0.527" /><testcase classname="tests.backend_test.TestAuth" name="test_me_unauth" time="0.278" /><testcase classname="tests.backend_test.TestRBAC" name="test_clients_team_forbidden" time="0.362" /><testcase classname="tests.backend_test.TestAuth" name="test_all_seeded_logins[admin]" time="0.315" /><testcase classname="tests.backend_test.TestAuth" name="test_all_seeded_logins[manager]" time="0.483" /><testcase classname="tests.backend_test.TestRBAC" name="test_clients_client_forbidden" time="0.757" /><testcase classname="tests.backend_test.TestAuth" name="test_all_seeded_logins[team]" time="0.387" /><testcase classname="tests.backend_test.TestRBAC" name="test_gantt_leadership" time="0.044" /><testcase classname="tests.backend_test.TestRBAC" name="test_gantt_manager" time="0.047" /><testcase classname="tests.backend_test.TestRBAC" name="test_gantt_team_forbidden" time="0.246" /><testcase classname="tests.backend_test.TestRBAC" name="test_gantt_client_forbidden" time="0.047" /><testcase classname="tests.backend_test.TestRBAC" name="test_projects_client_filtered" time="0.090" /><testcase classname="tests.backend_test.TestAuth" name="test_all_seeded_logins[client]" time="0.358" /><testcase classname="tests.backend_test.TestRBAC" name="test_leaves_client_empty" time="0.267" /><testcase classname="tests.backend_test.TestComments" name="test_comment_task_crud_admin" time="0.302" /><testcase classname="tests.backend_test.TestRBAC" name="test_tasks_client_forbidden" time="0.049" /><testcase classname="tests.backend_test.TestTimerAndEntries" name="test_timer_full_flow_auto_stop" time="2.472" /><testcase classname="tests.backend_test.TestComments" name="test_client_cannot_comment_task" time="0.789" /><testcase classname="tests.backend_test.TestComments" name="test_client_can_comment_own_project" time="0.129" /><testcase classname="tests.backend_test.TestComments" name="test_client_cannot_comment_other_project" time="0.087" /><testcase classname="tests.backend_test.TestCSVExport" name="test_export[projects]" time="0.047" /><testcase classname="tests.backend_test.TestCSVExport" name="test_export[tasks]" time="0.045" /><testcase classname="tests.backend_test.TestCSVExport" name="test_export[users]" time="0.048" /><testcase classname="tests.backend_test.TestCSVExport" name="test_export[events]" time="0.042" /><testcase classname="tests.backend_test.TestProjects" name="test_full_flow" time="0.299" /><testcase classname="tests.backend_test.TestProjects" name="test_team_cannot_create_project" time="0.372" /><testcase classname="tests.backend_test.TestProjects" name="test_public_project_acme" time="0.149" /><testcase classname="tests.backend_test.TestNotifications" name="test_task_status_change_notifies_assignee" time="0.805" /><testcase classname="tests.backend_test.TestTimerAndEntries" name="test_time_entry_create_list_filter_delete" time="0.220" /><testcase classname="tests.backend_test.TestTimerAndEntries" name="test_client_cannot_list_time_entries" time="0.252" /><testcase classname="tests.backend_test.TestTimerAndEntries" name="test_client_cannot_start_timer" time="0.130" /><testcase classname="tests.backend_test.TestNotifications" name="test_comment_mention_notifies" time="0.625" /><testcase classname="tests.backend_test.TestEventsLeaves" name="test_event_create_list" time="0.165" /><testcase classname="tests.backend_test.TestEventsLeaves" name="test_leave_create_list" time="0.369" /><testcase classname="tests.backend_test.TestNotifications" name="test_mark_all_read" time="0.088" /><testcase classname="tests.backend_test.TestTasks" name="test_full_flow" time="0.388" /></testsuite></testsuites>